{"/Users/james/Projects/gulp-pako/lib/index.js":{"path":"/Users/james/Projects/gulp-pako/lib/index.js","s":{"1":1,"2":1,"3":1,"4":1,"5":1,"6":1,"7":10,"8":0,"9":0,"10":10,"11":10,"12":10,"13":0,"14":10,"15":10,"16":10,"17":10,"18":0,"19":0,"20":10,"21":2,"22":2,"23":8,"24":8,"25":8,"26":8,"27":8,"28":8,"29":1,"30":1,"31":5,"32":1,"33":5},"b":{"1":[0,10],"2":[10,10],"3":[10,0],"4":[0,10],"5":[0,10],"6":[2,8],"7":[8,0]},"f":{"1":10,"2":10,"3":5,"4":5},"fnMap":{"1":{"name":"compress","line":12,"loc":{"start":{"line":12,"column":0},"end":{"line":12,"column":35}}},"2":{"name":"(anonymous_2)","line":33,"loc":{"start":{"line":33,"column":21},"end":{"line":33,"column":51}}},"3":{"name":"(anonymous_3)","line":63,"loc":{"start":{"line":63,"column":22},"end":{"line":63,"column":40}}},"4":{"name":"(anonymous_4)","line":67,"loc":{"start":{"line":67,"column":25},"end":{"line":67,"column":43}}}},"statementMap":{"1":{"start":{"line":1,"column":0},"end":{"line":1,"column":30}},"2":{"start":{"line":3,"column":0},"end":{"line":3,"column":38}},"3":{"start":{"line":4,"column":0},"end":{"line":4,"column":34}},"4":{"start":{"line":5,"column":0},"end":{"line":5,"column":51}},"5":{"start":{"line":7,"column":0},"end":{"line":10,"column":2}},"6":{"start":{"line":12,"column":0},"end":{"line":59,"column":1}},"7":{"start":{"line":15,"column":2},"end":{"line":18,"column":3}},"8":{"start":{"line":16,"column":4},"end":{"line":16,"column":21}},"9":{"start":{"line":17,"column":4},"end":{"line":17,"column":20}},"10":{"start":{"line":21,"column":2},"end":{"line":21,"column":26}},"11":{"start":{"line":22,"column":2},"end":{"line":22,"column":30}},"12":{"start":{"line":25,"column":2},"end":{"line":27,"column":3}},"13":{"start":{"line":26,"column":4},"end":{"line":26,"column":95}},"14":{"start":{"line":30,"column":2},"end":{"line":30,"column":35}},"15":{"start":{"line":33,"column":2},"end":{"line":58,"column":5}},"16":{"start":{"line":34,"column":4},"end":{"line":34,"column":20}},"17":{"start":{"line":37,"column":4},"end":{"line":40,"column":5}},"18":{"start":{"line":38,"column":6},"end":{"line":38,"column":22}},"19":{"start":{"line":39,"column":6},"end":{"line":39,"column":24}},"20":{"start":{"line":43,"column":4},"end":{"line":46,"column":5}},"21":{"start":{"line":44,"column":6},"end":{"line":44,"column":95}},"22":{"start":{"line":45,"column":6},"end":{"line":45,"column":24}},"23":{"start":{"line":49,"column":4},"end":{"line":57,"column":5}},"24":{"start":{"line":50,"column":6},"end":{"line":50,"column":33}},"25":{"start":{"line":52,"column":6},"end":{"line":52,"column":52}},"26":{"start":{"line":53,"column":6},"end":{"line":53,"column":74}},"27":{"start":{"line":55,"column":6},"end":{"line":55,"column":25}},"28":{"start":{"line":56,"column":6},"end":{"line":56,"column":24}},"29":{"start":{"line":61,"column":0},"end":{"line":61,"column":26}},"30":{"start":{"line":63,"column":0},"end":{"line":65,"column":2}},"31":{"start":{"line":64,"column":2},"end":{"line":64,"column":35}},"32":{"start":{"line":67,"column":0},"end":{"line":69,"column":2}},"33":{"start":{"line":68,"column":2},"end":{"line":68,"column":38}}},"branchMap":{"1":{"line":15,"type":"if","locations":[{"start":{"line":15,"column":2},"end":{"line":15,"column":2}},{"start":{"line":15,"column":2},"end":{"line":15,"column":2}}]},"2":{"line":21,"type":"binary-expr","locations":[{"start":{"line":21,"column":12},"end":{"line":21,"column":19}},{"start":{"line":21,"column":23},"end":{"line":21,"column":25}}]},"3":{"line":22,"type":"binary-expr","locations":[{"start":{"line":22,"column":12},"end":{"line":22,"column":18}},{"start":{"line":22,"column":23},"end":{"line":22,"column":29}}]},"4":{"line":25,"type":"if","locations":[{"start":{"line":25,"column":2},"end":{"line":25,"column":2}},{"start":{"line":25,"column":2},"end":{"line":25,"column":2}}]},"5":{"line":37,"type":"if","locations":[{"start":{"line":37,"column":4},"end":{"line":37,"column":4}},{"start":{"line":37,"column":4},"end":{"line":37,"column":4}}]},"6":{"line":43,"type":"if","locations":[{"start":{"line":43,"column":4},"end":{"line":43,"column":4}},{"start":{"line":43,"column":4},"end":{"line":43,"column":4}}]},"7":{"line":49,"type":"if","locations":[{"start":{"line":49,"column":4},"end":{"line":49,"column":4}},{"start":{"line":49,"column":4},"end":{"line":49,"column":4}}]}}}}