TN:
SF:/Users/james/Projects/gulp-pako/lib/index.js
FN:12,compress
FN:33,(anonymous_2)
FN:63,(anonymous_3)
FN:67,(anonymous_4)
FNF:4
FNH:4
FNDA:10,compress
FNDA:10,(anonymous_2)
FNDA:5,(anonymous_3)
FNDA:5,(anonymous_4)
DA:1,1
DA:3,1
DA:4,1
DA:5,1
DA:7,1
DA:12,1
DA:15,10
DA:16,0
DA:17,0
DA:21,10
DA:22,10
DA:25,10
DA:26,0
DA:30,10
DA:33,10
DA:34,10
DA:37,10
DA:38,0
DA:39,0
DA:43,10
DA:44,2
DA:45,2
DA:49,8
DA:50,8
DA:52,8
DA:53,8
DA:55,8
DA:56,8
DA:61,1
DA:63,1
DA:64,5
DA:67,1
DA:68,5
LF:33
LH:28
BRDA:15,1,0,0
BRDA:15,1,1,10
BRDA:21,2,0,10
BRDA:21,2,1,10
BRDA:22,3,0,10
BRDA:22,3,1,0
BRDA:25,4,0,0
BRDA:25,4,1,10
BRDA:37,5,0,0
BRDA:37,5,1,10
BRDA:43,6,0,2
BRDA:43,6,1,8
BRDA:49,7,0,8
BRDA:49,7,1,0
BRF:14
BRH:9
end_of_record
